<?xml version="1.0" encoding="UTF-8"?>
<testsuite xmlns:xsi="http://www.w3.org/2001/XMLSchema-instance" xsi:noNamespaceSchemaLocation="https://maven.apache.org/surefire/maven-surefire-plugin/xsd/surefire-test-report.xsd" name="com.winchang.learn.AppTest" time="0.106" tests="1" errors="0" skipped="0" failures="0">
  <properties>
    <property name="gopherProxySet" value="false"/>
    <property name="awt.toolkit" value="sun.lwawt.macosx.LWCToolkit"/>
    <property name="java.specification.version" value="11"/>
    <property name="sun.cpu.isalist" value=""/>
    <property name="sun.jnu.encoding" value="UTF-8"/>
    <property name="java.class.path" value="/Users/changzhi/temp/java-steps/target/test-classes:/Users/changzhi/temp/java-steps/target/classes:/Users/changzhi/.m2/repository/org/springframework/spring-context/5.2.17.RELEASE/spring-context-5.2.17.RELEASE.jar:/Users/changzhi/.m2/repository/org/springframework/spring-aop/5.2.17.RELEASE/spring-aop-5.2.17.RELEASE.jar:/Users/changzhi/.m2/repository/org/springframework/spring-beans/5.2.17.RELEASE/spring-beans-5.2.17.RELEASE.jar:/Users/changzhi/.m2/repository/org/springframework/spring-core/5.2.17.RELEASE/spring-core-5.2.17.RELEASE.jar:/Users/changzhi/.m2/repository/org/springframework/spring-jcl/5.2.17.RELEASE/spring-jcl-5.2.17.RELEASE.jar:/Users/changzhi/.m2/repository/org/springframework/spring-expression/5.2.17.RELEASE/spring-expression-5.2.17.RELEASE.jar:/Users/changzhi/.m2/repository/junit/junit/4.11/junit-4.11.jar:/Users/changzhi/.m2/repository/org/hamcrest/hamcrest-core/1.3/hamcrest-core-1.3.jar:"/>
    <property name="java.vm.vendor" value="Eclipse Foundation"/>
    <property name="sun.arch.data.model" value="64"/>
    <property name="java.vendor.url" value="https://adoptium.net/"/>
    <property name="user.timezone" value=""/>
    <property name="java.vm.specification.version" value="11"/>
    <property name="os.name" value="Mac OS X"/>
    <property name="sun.java.launcher" value="SUN_STANDARD"/>
    <property name="user.country" value="CN"/>
    <property name="sun.boot.library.path" value="/Library/Java/JavaVirtualMachines/temurin-11.jdk/Contents/Home/lib"/>
    <property name="sun.java.command" value="/Users/changzhi/temp/java-steps/target/surefire/surefirebooter434413682033856322.jar /Users/changzhi/temp/java-steps/target/surefire 2021-10-13T15-24-10_987-jvmRun1 surefire15153226731671949165tmp surefire_05832345215266171108tmp"/>
    <property name="jdk.debug" value="release"/>
    <property name="surefire.test.class.path" value="/Users/changzhi/temp/java-steps/target/test-classes:/Users/changzhi/temp/java-steps/target/classes:/Users/changzhi/.m2/repository/org/springframework/spring-context/5.2.17.RELEASE/spring-context-5.2.17.RELEASE.jar:/Users/changzhi/.m2/repository/org/springframework/spring-aop/5.2.17.RELEASE/spring-aop-5.2.17.RELEASE.jar:/Users/changzhi/.m2/repository/org/springframework/spring-beans/5.2.17.RELEASE/spring-beans-5.2.17.RELEASE.jar:/Users/changzhi/.m2/repository/org/springframework/spring-core/5.2.17.RELEASE/spring-core-5.2.17.RELEASE.jar:/Users/changzhi/.m2/repository/org/springframework/spring-jcl/5.2.17.RELEASE/spring-jcl-5.2.17.RELEASE.jar:/Users/changzhi/.m2/repository/org/springframework/spring-expression/5.2.17.RELEASE/spring-expression-5.2.17.RELEASE.jar:/Users/changzhi/.m2/repository/junit/junit/4.11/junit-4.11.jar:/Users/changzhi/.m2/repository/org/hamcrest/hamcrest-core/1.3/hamcrest-core-1.3.jar:"/>
    <property name="sun.cpu.endian" value="little"/>
    <property name="user.home" value="/Users/changzhi"/>
    <property name="user.language" value="zh"/>
    <property name="java.specification.vendor" value="Oracle Corporation"/>
    <property name="java.version.date" value="2021-07-20"/>
    <property name="java.home" value="/Library/Java/JavaVirtualMachines/temurin-11.jdk/Contents/Home"/>
    <property name="file.separator" value="/"/>
    <property name="basedir" value="/Users/changzhi/temp/java-steps"/>
    <property name="java.vm.compressedOopsMode" value="Zero based"/>
    <property name="line.separator" value="&#10;"/>
    <property name="java.specification.name" value="Java Platform API Specification"/>
    <property name="java.vm.specification.vendor" value="Oracle Corporation"/>
    <property name="java.awt.graphicsenv" value="sun.awt.CGraphicsEnvironment"/>
    <property name="surefire.real.class.path" value="/Users/changzhi/temp/java-steps/target/surefire/surefirebooter434413682033856322.jar"/>
    <property name="user.script" value="Hans"/>
    <property name="sun.management.compiler" value="HotSpot 64-Bit Tiered Compilers"/>
    <property name="java.runtime.version" value="11.0.12+7"/>
    <property name="user.name" value="changzhi"/>
    <property name="path.separator" value=":"/>
    <property name="os.version" value="11.5"/>
    <property name="java.runtime.name" value="OpenJDK Runtime Environment"/>
    <property name="file.encoding" value="UTF-8"/>
    <property name="java.vm.name" value="OpenJDK 64-Bit Server VM"/>
    <property name="java.vendor.version" value="Temurin-11.0.12+7"/>
    <property name="localRepository" value="/Users/changzhi/.m2/repository"/>
    <property name="java.vendor.url.bug" value="https://github.com/adoptium/adoptium-support/issues"/>
    <property name="java.io.tmpdir" value="/var/folders/zp/q4r_x02j20d550nmjb2xr0j40000gn/T/"/>
    <property name="java.version" value="11.0.12"/>
    <property name="user.dir" value="/Users/changzhi/temp/java-steps"/>
    <property name="os.arch" value="x86_64"/>
    <property name="java.vm.specification.name" value="Java Virtual Machine Specification"/>
    <property name="java.awt.printerjob" value="sun.lwawt.macosx.CPrinterJob"/>
    <property name="sun.os.patch.level" value="unknown"/>
    <property name="java.library.path" value="/Users/changzhi/Library/Java/Extensions:/Library/Java/Extensions:/Network/Library/Java/Extensions:/System/Library/Java/Extensions:/usr/lib/java:."/>
    <property name="java.vm.info" value="mixed mode"/>
    <property name="java.vendor" value="Eclipse Foundation"/>
    <property name="java.vm.version" value="11.0.12+7"/>
    <property name="sun.io.unicode.encoding" value="UnicodeBig"/>
    <property name="java.class.version" value="55.0"/>
  </properties>
  <testcase name="shouldAnswerWithTrue" classname="com.winchang.learn.AppTest" time="0.002"/>
</testsuite>